\BOOKMARK [1][-]{section.1}{\376\377\137\025\212\000}{}% 1
\BOOKMARK [2][-]{subsection.1.1}{\376\377\230\171\166\356\200\314\146\157}{section.1}% 2
\BOOKMARK [2][-]{subsection.1.2}{\376\377\177\026\121\231\166\356\166\204}{section.1}% 3
\BOOKMARK [2][-]{subsection.1.3}{\376\377\213\373\200\005\133\371\214\141\124\214\226\005\213\373\136\372\213\256}{section.1}% 4
\BOOKMARK [1][-]{section.2}{\376\377\123\357\210\114\140\047\122\006\147\220}{}% 5
\BOOKMARK [2][-]{subsection.2.1}{\376\377\127\372\170\100\167\345\213\306\214\003\170\024}{section.2}% 6
\BOOKMARK [3][-]{subsubsection.2.1.1}{\376\377\000H\000T\000M\000L}{subsection.2.1}% 7
\BOOKMARK [3][-]{subsubsection.2.1.2}{\376\377\000C\000S\000S}{subsection.2.1}% 8
\BOOKMARK [3][-]{subsubsection.2.1.3}{\376\377\000J\000a\000v\000a\000S\000c\000r\000i\000p\000t}{subsection.2.1}% 9
\BOOKMARK [2][-]{subsection.2.2}{\376\377\174\173\117\074\135\345\121\167\214\003\170\024}{section.2}% 10
\BOOKMARK [1][-]{section.3}{\376\377\227\000\154\102\213\364\146\016}{}% 11
\BOOKMARK [2][-]{subsection.3.1}{\376\377\122\237\200\375\140\047\227\000\154\102\213\364\146\016}{section.3}% 12
\BOOKMARK [3][-]{subsubsection.3.1.1}{\376\377\150\071\143\156\121\375\145\160\176\330\122\066\126\376\137\142}{subsection.3.1}% 13
\BOOKMARK [3][-]{subsubsection.3.1.2}{\376\377\143\247\122\066\237\040\150\007\201\352\165\061\176\330\126\376}{subsection.3.1}% 14
\BOOKMARK [3][-]{subsubsection.3.1.3}{\376\377\143\322\121\145\211\304\122\031\126\376\137\142}{subsection.3.1}% 15
\BOOKMARK [3][-]{subsubsection.3.1.4}{\376\377\143\322\121\145\145\207\133\127}{subsection.3.1}% 16
\BOOKMARK [2][-]{subsection.3.2}{\376\377\227\136\122\237\200\375\140\047\227\000\154\102\213\364\146\016}{section.3}% 17
\BOOKMARK [3][-]{subsubsection.3.2.1}{\376\377\177\121\230\165\165\114\227\142}{subsection.3.2}% 18
\BOOKMARK [3][-]{subsubsection.3.2.2}{\376\377\234\201\150\322\140\047}{subsection.3.2}% 19
\BOOKMARK [1][-]{section.4}{\376\377\137\000\123\321\213\241\122\022}{}% 20
\BOOKMARK [1][-]{section.5}{\376\377\174\373\176\337\213\364\146\016}{}% 21
\BOOKMARK [2][-]{subsection.5.1}{\376\377\174\373\176\337\152\041\127\127\213\364\146\016}{section.5}% 22
\BOOKMARK [2][-]{subsection.5.2}{\376\377\213\276\213\241\140\035\215\357}{section.5}% 23
\BOOKMARK [2][-]{subsection.5.3}{\376\377\172\013\136\217\143\245\123\343\143\317\217\360}{section.5}% 24
\BOOKMARK [3][-]{subsubsection.5.3.1}{\376\377\121\375\145\160\176\330\126\376}{subsection.5.3}% 25
\BOOKMARK [3][-]{subsubsection.5.3.2}{\376\377\155\202\236\046\147\177\176\330\126\376}{subsection.5.3}% 26
\BOOKMARK [3][-]{subsubsection.5.3.3}{\376\377\143\322\121\145\126\376\137\142}{subsection.5.3}% 27
\BOOKMARK [3][-]{subsubsection.5.3.4}{\376\377\143\322\121\145\145\207\133\127}{subsection.5.3}% 28
\BOOKMARK [1][-]{section.6}{\376\377\155\113\213\325}{}% 29
\BOOKMARK [2][-]{subsection.6.1}{\376\377\124\010\154\325\140\047\150\300\147\345}{section.6}% 30
\BOOKMARK [2][-]{subsection.6.2}{\376\377\217\157\116\366\116\343\170\001\155\113\213\325}{section.6}% 31
\BOOKMARK [3][-]{subsubsection.6.2.1}{\376\377\156\220\116\343\170\001\116\000\202\054\140\047\150\300\147\345}{subsection.6.2}% 32
\BOOKMARK [3][-]{subsubsection.6.2.2}{\376\377\217\157\116\366\116\000\201\364\140\047\150\300\147\345}{subsection.6.2}% 33
\BOOKMARK [2][-]{subsection.6.3}{\376\377\217\157\116\366\122\237\200\375\155\113\213\325}{section.6}% 34
\BOOKMARK [3][-]{subsubsection.6.3.1}{\376\377\155\113\213\325\121\375\145\160\176\330\126\376}{subsection.6.3}% 35
\BOOKMARK [3][-]{subsubsection.6.3.2}{\376\377\155\113\213\325\155\202\236\046\147\177}{subsection.6.3}% 36
\BOOKMARK [3][-]{subsubsection.6.3.3}{\376\377\155\113\213\325\126\376\137\142\143\322\121\145\122\237\200\375}{subsection.6.3}% 37
\BOOKMARK [3][-]{subsubsection.6.3.4}{\376\377\155\113\213\325\145\207\133\127\143\322\121\145\122\237\200\375}{subsection.6.3}% 38
\BOOKMARK [2][-]{subsection.6.4}{\376\377\155\113\213\325\140\073\176\323}{section.6}% 39
\BOOKMARK [1][-]{section.7}{\376\377\230\171\166\356\140\073\176\323}{}% 40
