This is XeTeX, Version 3.14159265-2.6-0.999992 (MiKTeX 20.12) (preloaded format=xelatex 2021.1.9)  9 JAN 2021 18:59
entering extended mode
**./main.tex
(main.tex
LaTeX2e <2020-10-01> patch level 3
L3 programming layer <2020-12-07> xparse <2020-03-03> (elegantpaper.cls
Document Class: elegantpaper 2019/04/01 v0.07 ElegantLaTeX Paper class
("C:\Program Files\MiKTeX\tex/latex/kvoptions\kvoptions.sty"
Package: kvoptions 2020-10-07 v3.14 Key value format for package options (HO)

("C:\Program Files\MiKTeX\tex/latex/graphics\keyval.sty"
Package: keyval 2014/10/28 v1.15 key=value parser (DPC)
\KV@toks@=\toks15
)
("C:\Program Files\MiKTeX\tex/generic/ltxcmds\ltxcmds.sty"
Package: ltxcmds 2020-05-10 v1.25 LaTeX kernel commands for general use (HO)
)
("C:\Program Files\MiKTeX\tex/generic/kvsetkeys\kvsetkeys.sty"
Package: kvsetkeys 2019/12/15 v1.18 Key value parser (HO)
))
("C:\Program Files\MiKTeX\tex/latex/base\ifthen.sty"
Package: ifthen 2014/09/29 v1.1c Standard LaTeX ifthen package (DPC)
)
("C:\Program Files\MiKTeX\tex/generic/iftex\ifxetex.sty"
Package: ifxetex 2019/10/25 v0.7 ifxetex legacy package. Use iftex instead.

("C:\Program Files\MiKTeX\tex/generic/iftex\iftex.sty"
Package: iftex 2020/03/06 v1.0d TeX engine tests
))
("C:\Program Files\MiKTeX\tex/latex/etoolbox\etoolbox.sty"
Package: etoolbox 2020/10/05 v2.5k e-TeX tools for LaTeX (JAW)
\etb@tempcnta=\count173
)
("C:\Program Files\MiKTeX\tex/latex/latex-tools\calc.sty"
Package: calc 2017/05/25 v4.3 Infix arithmetic (KKT,FJ)
\calc@Acount=\count174
\calc@Bcount=\count175
\calc@Adimen=\dimen138
\calc@Bdimen=\dimen139
\calc@Askip=\skip47
\calc@Bskip=\skip48
LaTeX Info: Redefining \setlength on input line 80.
LaTeX Info: Redefining \addtolength on input line 81.
\calc@Ccount=\count176
\calc@Cskip=\skip49
)
("C:\Program Files\MiKTeX\tex/latex/base\article.cls"
Document Class: article 2020/04/10 v1.4m Standard LaTeX document class
("C:\Program Files\MiKTeX\tex/latex/base\size10.clo"
File: size10.clo 2020/04/10 v1.4m Standard LaTeX file (size option)
)
\c@part=\count177
\c@section=\count178
\c@subsection=\count179
\c@subsubsection=\count180
\c@paragraph=\count181
\c@subparagraph=\count182
\c@figure=\count183
\c@table=\count184
\abovecaptionskip=\skip50
\belowcaptionskip=\skip51
\bibindent=\dimen140
)
("C:\Program Files\MiKTeX\tex/latex/amscls\amsthm.sty"
Package: amsthm 2020/05/29 v2.20.6
\thm@style=\toks16
\thm@bodyfont=\toks17
\thm@headfont=\toks18
\thm@notefont=\toks19
\thm@headpunct=\toks20
\thm@preskip=\skip52
\thm@postskip=\skip53
\thm@headsep=\skip54
\dth@everypar=\toks21
)
("C:\Program Files\MiKTeX\tex/latex/amsmath\amsmath.sty"
Package: amsmath 2020/09/23 v2.17i AMS math features
\@mathmargin=\skip55

For additional information on amsmath, use the `?' option.
("C:\Program Files\MiKTeX\tex/latex/amsmath\amstext.sty"
Package: amstext 2000/06/29 v2.01 AMS text

("C:\Program Files\MiKTeX\tex/latex/amsmath\amsgen.sty"
File: amsgen.sty 1999/11/30 v2.0 generic functions
\@emptytoks=\toks22
\ex@=\dimen141
))
("C:\Program Files\MiKTeX\tex/latex/amsmath\amsbsy.sty"
Package: amsbsy 1999/11/29 v1.2d Bold Symbols
\pmbraise@=\dimen142
)
("C:\Program Files\MiKTeX\tex/latex/amsmath\amsopn.sty"
Package: amsopn 2016/03/08 v2.02 operator names
)
\inf@bad=\count185
LaTeX Info: Redefining \frac on input line 234.
\uproot@=\count186
\leftroot@=\count187
LaTeX Info: Redefining \overline on input line 399.
\classnum@=\count188
\DOTSCASE@=\count189
LaTeX Info: Redefining \ldots on input line 496.
LaTeX Info: Redefining \dots on input line 499.
LaTeX Info: Redefining \cdots on input line 620.
\Mathstrutbox@=\box47
\strutbox@=\box48
\big@size=\dimen143
LaTeX Font Info:    Redeclaring font encoding OML on input line 743.
LaTeX Font Info:    Redeclaring font encoding OMS on input line 744.
\macc@depth=\count190
\c@MaxMatrixCols=\count191
\dotsspace@=\muskip16
\c@parentequation=\count192
\dspbrk@lvl=\count193
\tag@help=\toks23
\row@=\count194
\column@=\count195
\maxfields@=\count196
\andhelp@=\toks24
\eqnshift@=\dimen144
\alignsep@=\dimen145
\tagshift@=\dimen146
\tagwidth@=\dimen147
\totwidth@=\dimen148
\lineht@=\dimen149
\@envbody=\toks25
\multlinegap=\skip56
\multlinetaggap=\skip57
\mathdisplay@stack=\toks26
LaTeX Info: Redefining \[ on input line 2923.
LaTeX Info: Redefining \] on input line 2924.
)
("C:\Program Files\MiKTeX\tex/latex/amsfonts\amssymb.sty"
Package: amssymb 2013/01/14 v3.01 AMS font symbols

("C:\Program Files\MiKTeX\tex/latex/amsfonts\amsfonts.sty"
Package: amsfonts 2013/01/14 v3.01 Basic AMSFonts support
\symAMSa=\mathgroup4
\symAMSb=\mathgroup5
LaTeX Font Info:    Redeclaring math symbol \hbar on input line 98.
LaTeX Font Info:    Overwriting math alphabet `\mathfrak' in version `bold'
(Font)                  U/euf/m/n --> U/euf/b/n on input line 106.
))
("C:\Program Files\MiKTeX\tex/latex/latex-tools\indentfirst.sty"
Package: indentfirst 1995/11/23 v1.03 Indent first paragraph (DPC)
)
("C:\Program Files\MiKTeX\tex/latex/booktabs\booktabs.sty"
Package: booktabs 2020/01/12 v1.61803398 Publication quality tables
\heavyrulewidth=\dimen150
\lightrulewidth=\dimen151
\cmidrulewidth=\dimen152
\belowrulesep=\dimen153
\belowbottomsep=\dimen154
\aboverulesep=\dimen155
\abovetopsep=\dimen156
\cmidrulesep=\dimen157
\cmidrulekern=\dimen158
\defaultaddspace=\dimen159
\@cmidla=\count197
\@cmidlb=\count198
\@aboverulesep=\dimen160
\@belowrulesep=\dimen161
\@thisruleclass=\count199
\@lastruleclass=\count266
\@thisrulewidth=\dimen162
)
("C:\Program Files\MiKTeX\tex/latex/latex-tools\multicol.sty"
Package: multicol 2019/12/09 v1.8y multicolumn formatting (FMi)
\c@tracingmulticols=\count267
\mult@box=\box49
\multicol@leftmargin=\dimen163
\c@unbalance=\count268
\c@collectmore=\count269
\doublecol@number=\count270
\multicoltolerance=\count271
\multicolpretolerance=\count272
\full@width=\dimen164
\page@free=\dimen165
\premulticols=\dimen166
\postmulticols=\dimen167
\multicolsep=\skip58
\multicolbaselineskip=\skip59
\partial@page=\box50
\last@line=\box51
\maxbalancingoverflow=\dimen168
\mult@rightbox=\box52
\mult@grightbox=\box53
\mult@gfirstbox=\box54
\mult@firstbox=\box55
\@tempa=\box56
\@tempa=\box57
\@tempa=\box58
\@tempa=\box59
\@tempa=\box60
\@tempa=\box61
\@tempa=\box62
\@tempa=\box63
\@tempa=\box64
\@tempa=\box65
\@tempa=\box66
\@tempa=\box67
\@tempa=\box68
\@tempa=\box69
\@tempa=\box70
\@tempa=\box71
\@tempa=\box72
\@tempa=\box73
\@tempa=\box74
\@tempa=\box75
\@tempa=\box76
\@tempa=\box77
\@tempa=\box78
\@tempa=\box79
\@tempa=\box80
\@tempa=\box81
\@tempa=\box82
\@tempa=\box83
\@tempa=\box84
\@tempa=\box85
\@tempa=\box86
\@tempa=\box87
\@tempa=\box88
\@tempa=\box89
\@tempa=\box90
\@tempa=\box91
\@tempa=\box92
\c@minrows=\count273
\c@columnbadness=\count274
\c@finalcolumnbadness=\count275
\last@try=\dimen169
\multicolovershoot=\dimen170
\multicolundershoot=\dimen171
\mult@nat@firstbox=\box93
\colbreak@box=\box94
\mc@col@check@num=\count276
)
("C:\Program Files\MiKTeX\tex/latex/xcolor\xcolor.sty"
Package: xcolor 2016/05/11 v2.12 LaTeX color extensions (UK)

("C:\Program Files\MiKTeX\tex/latex/graphics-cfg\color.cfg"
File: color.cfg 2016/01/02 v1.6 sample color configuration
)
Package xcolor Info: Driver file: xetex.def on input line 225.

("C:\Program Files\MiKTeX\tex/latex/graphics-def\xetex.def"
File: xetex.def 2020/08/26 v5.0i Graphics/color driver for xetex
)
Package xcolor Info: Model `cmy' substituted by `cmy0' on input line 1348.
Package xcolor Info: Model `RGB' extended on input line 1364.
Package xcolor Info: Model `HTML' substituted by `rgb' on input line 1366.
Package xcolor Info: Model `Hsb' substituted by `hsb' on input line 1367.
Package xcolor Info: Model `tHsb' substituted by `hsb' on input line 1368.
Package xcolor Info: Model `HSB' substituted by `hsb' on input line 1369.
Package xcolor Info: Model `Gray' substituted by `gray' on input line 1370.
Package xcolor Info: Model `wave' substituted by `hsb' on input line 1371.
)
("C:\Program Files\MiKTeX\tex/latex/graphics\graphicx.sty"
Package: graphicx 2020/09/09 v1.2b Enhanced LaTeX Graphics (DPC,SPQR)

("C:\Program Files\MiKTeX\tex/latex/graphics\graphics.sty"
Package: graphics 2020/08/30 v1.4c Standard LaTeX Graphics (DPC,SPQR)

("C:\Program Files\MiKTeX\tex/latex/graphics\trig.sty"
Package: trig 2016/01/03 v1.10 sin cos tan (DPC)
)
("C:\Program Files\MiKTeX\tex/latex/graphics-cfg\graphics.cfg"
File: graphics.cfg 2016/06/04 v1.11 sample graphics configuration
)
Package graphics Info: Driver file: xetex.def on input line 105.
)
\Gin@req@height=\dimen172
\Gin@req@width=\dimen173
)
("C:\Program Files\MiKTeX\tex/latex/fancyvrb\fancyvrb.sty"
Package: fancyvrb 2020/05/03 v3.6 verbatim text (tvz,hv)
\FV@CodeLineNo=\count277
\FV@InFile=\read2
\FV@TabBox=\box95
\c@FancyVerbLine=\count278
\FV@StepNumber=\count279
\FV@OutFile=\write3
)
("C:\Program Files\MiKTeX\tex/latex/abstract\abstract.sty"
Package: abstract 2009/06/08 v1.2a configurable abstracts
\abstitleskip=\skip60
\absleftindent=\skip61
\absrightindent=\skip62
\absparindent=\skip63
\absparsep=\skip64
)
("C:\Program Files\MiKTeX\tex/latex/caption\caption.sty"
Package: caption 2020/10/26 v3.5g Customizing captions (AR)

("C:\Program Files\MiKTeX\tex/latex/caption\caption3.sty"
Package: caption3 2020/10/21 v2.2e caption3 kernel (AR)
\captionmargin=\dimen174
\captionmargin@=\dimen175
\captionwidth=\dimen176
\caption@tempdima=\dimen177
\caption@indent=\dimen178
\caption@parindent=\dimen179
\caption@hangindent=\dimen180
Package caption Info: Standard document class detected.
)
\c@caption@flags=\count280
\c@continuedfloat=\count281
)
("C:\Program Files\MiKTeX\tex/latex/enumitem\enumitem.sty"
Package: enumitem 2019/06/20 v3.9 Customized lists
\labelindent=\skip65
\enit@outerparindent=\dimen181
\enit@toks=\toks27
\enit@inbox=\box96
\enit@count@id=\count282
\enitdp@description=\count283
)
("C:\Program Files\MiKTeX\tex/latex/natbib\natbib.sty"
Package: natbib 2010/09/13 8.31b (PWD, AO)
\bibhang=\skip66
\bibsep=\skip67
LaTeX Info: Redefining \cite on input line 694.
\c@NAT@ctr=\count284
)
("C:\Program Files\MiKTeX\tex/latex/hyperref\hyperref.sty"
Package: hyperref 2020-05-15 v7.00e Hypertext links for LaTeX

("C:\Program Files\MiKTeX\tex/generic/pdftexcmds\pdftexcmds.sty"
Package: pdftexcmds 2020-06-27 v0.33 Utility functions of pdfTeX for LuaTeX (HO
)

("C:\Program Files\MiKTeX\tex/generic/infwarerr\infwarerr.sty"
Package: infwarerr 2019/12/03 v1.5 Providing info/warning/error messages (HO)
)
Package pdftexcmds Info: \pdf@primitive is available.
Package pdftexcmds Info: \pdf@ifprimitive is available.
Package pdftexcmds Info: \pdfdraftmode not found.
)
("C:\Program Files\MiKTeX\tex/generic/kvdefinekeys\kvdefinekeys.sty"
Package: kvdefinekeys 2019-12-19 v1.6 Define keys (HO)
)
("C:\Program Files\MiKTeX\tex/generic/pdfescape\pdfescape.sty"
Package: pdfescape 2019/12/09 v1.15 Implements pdfTeX's escape features (HO)
)
("C:\Program Files\MiKTeX\tex/latex/hycolor\hycolor.sty"
Package: hycolor 2020-01-27 v1.10 Color options for hyperref/bookmark (HO)
)
("C:\Program Files\MiKTeX\tex/latex/letltxmacro\letltxmacro.sty"
Package: letltxmacro 2019/12/03 v1.6 Let assignment for LaTeX macros (HO)
)
("C:\Program Files\MiKTeX\tex/latex/auxhook\auxhook.sty"
Package: auxhook 2019-12-17 v1.6 Hooks for auxiliary files (HO)
)
\@linkdim=\dimen182
\Hy@linkcounter=\count285
\Hy@pagecounter=\count286

("C:\Program Files\MiKTeX\tex/latex/hyperref\pd1enc.def"
File: pd1enc.def 2020-05-15 v7.00e Hyperref: PDFDocEncoding definition (HO)
)
("C:\Program Files\MiKTeX\tex/generic/intcalc\intcalc.sty"
Package: intcalc 2019/12/15 v1.3 Expandable calculations with integers (HO)
)
("C:\Program Files\MiKTeX\tex/generic/etexcmds\etexcmds.sty"
Package: etexcmds 2019/12/15 v1.7 Avoid name clashes with e-TeX commands (HO)
)
\Hy@SavedSpaceFactor=\count287
Package hyperref Info: Hyper figures OFF on input line 4464.
Package hyperref Info: Link nesting OFF on input line 4469.
Package hyperref Info: Hyper index ON on input line 4472.
Package hyperref Info: Plain pages OFF on input line 4479.
Package hyperref Info: Backreferencing OFF on input line 4484.
Package hyperref Info: Implicit mode ON; LaTeX internals redefined.
Package hyperref Info: Bookmarks ON on input line 4717.
\c@Hy@tempcnt=\count288

("C:\Program Files\MiKTeX\tex/latex/url\url.sty"
\Urlmuskip=\muskip17
Package: url 2013/09/16  ver 3.4  Verb mode for urls, etc.
)
LaTeX Info: Redefining \url on input line 5076.
\XeTeXLinkMargin=\dimen183

("C:\Program Files\MiKTeX\tex/generic/bitset\bitset.sty"
Package: bitset 2019/12/09 v1.3 Handle bit-vector datatype (HO)

("C:\Program Files\MiKTeX\tex/generic/bigintcalc\bigintcalc.sty"
Package: bigintcalc 2019/12/15 v1.5 Expandable calculations on big integers (HO
)
))
\Fld@menulength=\count289
\Field@Width=\dimen184
\Fld@charsize=\dimen185
Package hyperref Info: Hyper figures OFF on input line 6347.
Package hyperref Info: Link nesting OFF on input line 6352.
Package hyperref Info: Hyper index ON on input line 6355.
Package hyperref Info: backreferencing OFF on input line 6362.
Package hyperref Info: Link coloring OFF on input line 6367.
Package hyperref Info: Link coloring with OCG OFF on input line 6372.
Package hyperref Info: PDF/A mode OFF on input line 6377.
LaTeX Info: Redefining \ref on input line 6417.
LaTeX Info: Redefining \pageref on input line 6421.

("C:\Program Files\MiKTeX\tex/latex/base\atbegshi-ltx.sty"
Package: atbegshi-ltx 2020/08/17 v1.0a Emulation of the original atbegshi packa
ge
with kernel methods
)
\Hy@abspage=\count290
\c@Item=\count291
\c@Hfootnote=\count292
)
Package hyperref Info: Driver (autodetected): hxetex.

("C:\Program Files\MiKTeX\tex/latex/hyperref\hxetex.def"
File: hxetex.def 2020-05-15 v7.00e Hyperref driver for XeTeX

("C:\Program Files\MiKTeX\tex/latex/hyperref\puenc.def"
File: puenc.def 2020-05-15 v7.00e Hyperref: PDF Unicode definition (HO)
)
("C:\Program Files\MiKTeX\tex/generic/stringenc\stringenc.sty"
Package: stringenc 2019/11/29 v1.12 Convert strings between diff. encodings (HO
)
)
\pdfm@box=\box97
\c@Hy@AnnotLevel=\count293
\HyField@AnnotCount=\count294
\Fld@listcount=\count295
\c@bookmark@seq@number=\count296

("C:\Program Files\MiKTeX\tex/latex/rerunfilecheck\rerunfilecheck.sty"
Package: rerunfilecheck 2019/12/05 v1.9 Rerun checks for auxiliary files (HO)

("C:\Program Files\MiKTeX\tex/latex/base\atveryend-ltx.sty"
Package: atveryend-ltx 2020/08/19 v1.0a Emulation of the original atvery packag
e
with kernel methods
)
("C:\Program Files\MiKTeX\tex/generic/uniquecounter\uniquecounter.sty"
Package: uniquecounter 2019/12/15 v1.4 Provide unlimited unique counter (HO)
)
Package uniquecounter Info: New unique counter `rerunfilecheck' on input line 2
86.
)
\Hy@SectionHShift=\skip68
)
Package hyperref Info: Option `colorlinks' set `true' on input line 79.

("C:\Program Files\MiKTeX\tex/latex/geometry\geometry.sty"
Package: geometry 2020/01/02 v5.9 Page Geometry

("C:\Program Files\MiKTeX\tex/generic/iftex\ifvtex.sty"
Package: ifvtex 2019/10/25 v1.7 ifvtex legacy package. Use iftex instead.
)
\Gm@cnth=\count297
\Gm@cntv=\count298
\c@Gm@tempcnt=\count299
\Gm@bindingoffset=\dimen186
\Gm@wd@mp=\dimen187
\Gm@odd@mp=\dimen188
\Gm@even@mp=\dimen189
\Gm@layoutwidth=\dimen190
\Gm@layoutheight=\dimen191
\Gm@layouthoffset=\dimen192
\Gm@layoutvoffset=\dimen193
\Gm@dimlist=\toks28

("C:\Program Files\MiKTeX\tex/xelatex/xetexconfig\geometry.cfg"))
("C:\Program Files\MiKTeX\tex/latex/ctex\ctex.sty"
("C:\Program Files\MiKTeX\tex/latex/l3kernel\expl3.sty"
Package: expl3 2020-12-07 L3 programming layer (loader) 

("C:\Program Files\MiKTeX\tex/latex/l3backend\l3backend-xetex.def"
File: l3backend-xetex.def 2020-09-24 L3 backend support: XeTeX
\g__graphics_track_int=\count300
\l__pdf_internal_box=\box98
\g__pdf_backend_object_int=\count301
\g__pdf_backend_annotation_int=\count302
))
Package: ctex 2020/10/19 v2.5.5 Chinese adapter in LaTeX (CTEX)

("C:\Program Files\MiKTeX\tex/latex/l3packages/xparse\xparse.sty"
Package: xparse 2020-10-27 L3 Experimental document command parser

("C:\Program Files\MiKTeX\tex/latex/l3packages/xparse\xparse-generic.tex"))
("C:\Program Files\MiKTeX\tex/latex/l3packages/l3keys2e\l3keys2e.sty"
Package: l3keys2e 2020-10-27 LaTeX2e option processing using LaTeX3 keys
)
("C:\Program Files\MiKTeX\tex/latex/ctex\ctexhook.sty"
Package: ctexhook 2020/10/19 v2.5.5 Document and package hooks (CTEX)
)
("C:\Program Files\MiKTeX\tex/latex/ctex\ctexpatch.sty"
Package: ctexpatch 2020/10/19 v2.5.5 Patching commands (CTEX)
)
("C:\Program Files\MiKTeX\tex/latex/base\fix-cm.sty"
Package: fix-cm 2015/01/14 v1.1t fixes to LaTeX

("C:\Program Files\MiKTeX\tex/latex/base\ts1enc.def"
File: ts1enc.def 2001/06/05 v3.0e (jk/car/fm) Standard LaTeX file
LaTeX Font Info:    Redeclaring font encoding TS1 on input line 47.
))
("C:\Program Files\MiKTeX\tex/latex/ms\everysel.sty"
Package: everysel 2011/10/28 v1.2 EverySelectfont Package (MS)
)
\l__ctex_tmp_int=\count303
\l__ctex_tmp_box=\box99
\l__ctex_tmp_dim=\dimen194
\g__ctex_section_depth_int=\count304
\g__ctex_font_size_int=\count305

("C:\Program Files\MiKTeX\tex/latex/ctex/config\ctexopts.cfg"
File: ctexopts.cfg 2020/10/19 v2.5.5 Option configuration file (CTEX)
)
("C:\Program Files\MiKTeX\tex/latex/ctex/engine\ctex-engine-xetex.def"
File: ctex-engine-xetex.def 2020/10/19 v2.5.5 XeLaTeX adapter (CTEX)

("C:\Program Files\MiKTeX\tex/xelatex/xecjk\xeCJK.sty"
Package: xeCJK 2020/10/19 v3.8.6 Typesetting CJK scripts with XeLaTeX

("C:\Program Files\MiKTeX\tex/latex/l3packages/xtemplate\xtemplate.sty"
Package: xtemplate 2020-10-27 L3 Experimental prototype document functions
\l__xtemplate_tmp_dim=\dimen195
\l__xtemplate_tmp_int=\count306
\l__xtemplate_tmp_muskip=\muskip18
\l__xtemplate_tmp_skip=\skip69
)
\l__xeCJK_tmp_int=\count307
\l__xeCJK_tmp_box=\box100
\l__xeCJK_tmp_dim=\dimen196
\l__xeCJK_tmp_skip=\skip70
\g__xeCJK_space_factor_int=\count308
\l__xeCJK_begin_int=\count309
\l__xeCJK_end_int=\count310
\c__xeCJK_CJK_class_int=\XeTeXcharclass1
\c__xeCJK_FullLeft_class_int=\XeTeXcharclass2
\c__xeCJK_FullRight_class_int=\XeTeXcharclass3
\c__xeCJK_HalfLeft_class_int=\XeTeXcharclass4
\c__xeCJK_HalfRight_class_int=\XeTeXcharclass5
\c__xeCJK_NormalSpace_class_int=\XeTeXcharclass6
\c__xeCJK_CM_class_int=\XeTeXcharclass7
\c__xeCJK_HangulJamo_class_int=\XeTeXcharclass8
\l__xeCJK_last_skip=\skip71
\g__xeCJK_node_int=\count311
\c__xeCJK_CJK_node_dim=\dimen197
\c__xeCJK_CJK-space_node_dim=\dimen198
\c__xeCJK_default_node_dim=\dimen199
\c__xeCJK_default-space_node_dim=\dimen256
\c__xeCJK_CJK-widow_node_dim=\dimen257
\c__xeCJK_normalspace_node_dim=\dimen258
\l__xeCJK_ccglue_skip=\skip72
\l__xeCJK_ecglue_skip=\skip73
\l__xeCJK_punct_kern_skip=\skip74
\l__xeCJK_last_penalty_int=\count312
\l__xeCJK_last_bound_dim=\dimen259
\l__xeCJK_last_kern_dim=\dimen260
\l__xeCJK_widow_penalty_int=\count313

Package xtemplate Info: Declaring object type 'xeCJK/punctuation' taking 0
(xtemplate)             argument(s) on line 2341.

\l__xeCJK_fixed_punct_width_dim=\dimen261
\l__xeCJK_mixed_punct_width_dim=\dimen262
\l__xeCJK_middle_punct_width_dim=\dimen263
\l__xeCJK_fixed_margin_width_dim=\dimen264
\l__xeCJK_mixed_margin_width_dim=\dimen265
\l__xeCJK_middle_margin_width_dim=\dimen266
\l__xeCJK_bound_punct_width_dim=\dimen267
\l__xeCJK_bound_margin_width_dim=\dimen268
\l__xeCJK_margin_minimum_dim=\dimen269
\l__xeCJK_kerning_total_width_dim=\dimen270
\l__xeCJK_same_align_margin_dim=\dimen271
\l__xeCJK_different_align_margin_dim=\dimen272
\l__xeCJK_kerning_margin_width_dim=\dimen273
\l__xeCJK_kerning_margin_minimum_dim=\dimen274
\l__xeCJK_bound_dim=\dimen275
\l__xeCJK_reverse_bound_dim=\dimen276
\l__xeCJK_margin_dim=\dimen277
\l__xeCJK_minimum_bound_dim=\dimen278
\l__xeCJK_kerning_margin_dim=\dimen279
\g__xeCJK_family_int=\count314
\l__xeCJK_fam_int=\count315
\g__xeCJK_fam_allocation_int=\count316
\l__xeCJK_verb_case_int=\count317
\l__xeCJK_verb_exspace_skip=\skip75

("C:\Program Files\MiKTeX\tex/latex/fontspec\fontspec.sty"
Package: fontspec 2020/02/21 v2.7i Font selection for XeLaTeX and LuaLaTeX

("C:\Program Files\MiKTeX\tex/latex/fontspec\fontspec-xetex.sty"
Package: fontspec-xetex 2020/02/21 v2.7i Font selection for XeLaTeX and LuaLaTe
X
\l__fontspec_script_int=\count318
\l__fontspec_language_int=\count319
\l__fontspec_strnum_int=\count320
\l__fontspec_tmp_int=\count321
\l__fontspec_tmpa_int=\count322
\l__fontspec_tmpb_int=\count323
\l__fontspec_tmpc_int=\count324
\l__fontspec_em_int=\count325
\l__fontspec_emdef_int=\count326
\l__fontspec_strong_int=\count327
\l__fontspec_strongdef_int=\count328
\l__fontspec_tmpa_dim=\dimen280
\l__fontspec_tmpb_dim=\dimen281
\l__fontspec_tmpc_dim=\dimen282

("C:\Program Files\MiKTeX\tex/latex/base\fontenc.sty"
Package: fontenc 2020/08/10 v2.0s Standard LaTeX package
)
("C:\Program Files\MiKTeX\tex/latex/fontspec\fontspec.cfg")))
("C:\Program Files\MiKTeX\tex/xelatex/xecjk\xeCJK.cfg"
File: xeCJK.cfg 2020/10/19 v3.8.6 Configuration file for xeCJK package
))
\ccwd=\dimen283
\l__ctex_ccglue_skip=\skip76
)
\l__ctex_ziju_dim=\dimen284

("C:\Program Files\MiKTeX\tex/latex/zhnumber\zhnumber.sty"
Package: zhnumber 2020/05/01 v2.8 Typesetting numbers with Chinese glyphs
\l__zhnum_scale_int=\count329

("C:\Program Files\MiKTeX\tex/latex/zhnumber\zhnumber-utf8.cfg"
File: zhnumber-utf8.cfg 2020/05/01 v2.8 Chinese numerals with UTF8 encoding
))
("C:\Program Files\MiKTeX\tex/latex/ctex/scheme\ctex-scheme-plain.def"
File: ctex-scheme-plain.def 2020/10/19 v2.5.5 Plain scheme for generic (CTEX)
)
("C:\Program Files\MiKTeX\tex/latex/ctex/fontset\ctex-fontset-windows.def"
File: ctex-fontset-windows.def 2020/10/19 v2.5.5 Windows fonts definition (CTEX
)

Package fontspec Info: Could not resolve font "KaiTi/B" (it probably doesn't
(fontspec)             exist).


Package fontspec Info: Could not resolve font "SimHei/I" (it probably doesn't
(fontspec)             exist).


Package fontspec Info: Could not resolve font "SimSun/BI" (it probably doesn't
(fontspec)             exist).


Package fontspec Info: Font family 'SimSun(0)' created for font 'SimSun' with
(fontspec)             options
(fontspec)             [Script={CJK},BoldFont={SimHei},ItalicFont={KaiTi}].
(fontspec)              
(fontspec)              This font family consists of the following NFSS
(fontspec)             series/shapes:
(fontspec)              
(fontspec)             - 'normal' (m/n) with NFSS spec.:
(fontspec)             <->"SimSun/OT:script=hani;language=dflt;"
(fontspec)             - 'small caps'  (m/sc) with NFSS spec.: 
(fontspec)             - 'bold' (b/n) with NFSS spec.:
(fontspec)             <->"SimHei/OT:script=hani;language=dflt;"
(fontspec)             - 'bold small caps'  (b/sc) with NFSS spec.: 
(fontspec)             - 'italic' (m/it) with NFSS spec.:
(fontspec)             <->"KaiTi/OT:script=hani;language=dflt;"
(fontspec)             - 'italic small caps'  (m/scit) with NFSS spec.: 

))
("C:\Program Files\MiKTeX\tex/latex/ctex/config\ctex.cfg"
File: ctex.cfg 2020/10/19 v2.5.5 Configuration file (CTEX)
)
("C:\Program Files\MiKTeX\tex/latex/base\fontenc.sty"
Package: fontenc 2020/08/10 v2.0s Standard LaTeX package
LaTeX Font Info:    Trying to load font information for T1+lmr on input line 11
2.

("C:\Program Files\MiKTeX\tex/latex/lm\t1lmr.fd"
File: t1lmr.fd 2009/10/30 v1.6 Font defs for Latin Modern
))
("C:\Program Files\MiKTeX\tex/latex/newtx\newtxtext.sty"
Package: newtxtext 2020/09/19 v1.630

`newtxtext' v1.630, 2020/09/19 Text macros taking advantage of TeX-Gyre Termes 
fonts (msharpe) ("C:\Program Files\MiKTeX\tex/latex/fontaxes\fontaxes.sty"
Package: fontaxes 2020/07/21 v1.0e Font selection axes
LaTeX Info: Redefining \upshape on input line 29.
LaTeX Info: Redefining \itshape on input line 31.
LaTeX Info: Redefining \slshape on input line 33.
LaTeX Info: Redefining \swshape on input line 35.
LaTeX Info: Redefining \scshape on input line 37.
LaTeX Info: Redefining \sscshape on input line 39.
LaTeX Info: Redefining \ulcshape on input line 41.
LaTeX Info: Redefining \textsw on input line 47.
LaTeX Info: Redefining \textssc on input line 48.
LaTeX Info: Redefining \textulc on input line 49.
)
\ntx@fs=\dimen285

("C:\Program Files\MiKTeX\tex/latex/xkeyval\xkeyval.sty"
Package: xkeyval 2020/11/20 v2.8 package option processing (HA)

("C:\Program Files\MiKTeX\tex/generic/xkeyval\xkeyval.tex"
("C:\Program Files\MiKTeX\tex/generic/xkeyval\xkvutils.tex"
\XKV@toks=\toks29
\XKV@tempa@toks=\toks30
)
\XKV@depth=\count330
File: xkeyval.tex 2014/12/03 v2.7a key=value parser (HA)
))
("C:\Program Files\MiKTeX\tex/latex/xstring\xstring.sty"
("C:\Program Files\MiKTeX\tex/generic/xstring\xstring.tex"
\integerpart=\count331
Invalid UTF-8 byte or sequence at line 35 replaced by U+FFFD.
\decimalpart=\count332
Invalid UTF-8 byte or sequence at line 79 replaced by U+FFFD.
Invalid UTF-8 byte or sequence at line 79 replaced by U+FFFD.
Invalid UTF-8 byte or sequence at line 83 replaced by U+FFFD.
Invalid UTF-8 byte or sequence at line 86 replaced by U+FFFD.
Invalid UTF-8 byte or sequence at line 102 replaced by U+FFFD.
Invalid UTF-8 byte or sequence at line 114 replaced by U+FFFD.
Invalid UTF-8 byte or sequence at line 120 replaced by U+FFFD.
Invalid UTF-8 byte or sequence at line 125 replaced by U+FFFD.
Invalid UTF-8 byte or sequence at line 147 replaced by U+FFFD.
Invalid UTF-8 byte or sequence at line 147 replaced by U+FFFD.
Invalid UTF-8 byte or sequence at line 147 replaced by U+FFFD.
Invalid UTF-8 byte or sequence at line 182 replaced by U+FFFD.
Invalid UTF-8 byte or sequence at line 182 replaced by U+FFFD.
Invalid UTF-8 byte or sequence at line 182 replaced by U+FFFD.
Invalid UTF-8 byte or sequence at line 183 replaced by U+FFFD.
Invalid UTF-8 byte or sequence at line 184 replaced by U+FFFD.
Invalid UTF-8 byte or sequence at line 185 replaced by U+FFFD.
Invalid UTF-8 byte or sequence at line 185 replaced by U+FFFD.
Invalid UTF-8 byte or sequence at line 185 replaced by U+FFFD.
Invalid UTF-8 byte or sequence at line 189 replaced by U+FFFD.
Invalid UTF-8 byte or sequence at line 189 replaced by U+FFFD.
Invalid UTF-8 byte or sequence at line 190 replaced by U+FFFD.
Invalid UTF-8 byte or sequence at line 190 replaced by U+FFFD.
Invalid UTF-8 byte or sequence at line 193 replaced by U+FFFD.
Invalid UTF-8 byte or sequence at line 208 replaced by U+FFFD.
Invalid UTF-8 byte or sequence at line 208 replaced by U+FFFD.
Invalid UTF-8 byte or sequence at line 208 replaced by U+FFFD.
Invalid UTF-8 byte or sequence at line 208 replaced by U+FFFD.
Invalid UTF-8 byte or sequence at line 208 replaced by U+FFFD.
Invalid UTF-8 byte or sequence at line 208 replaced by U+FFFD.
Invalid UTF-8 byte or sequence at line 221 replaced by U+FFFD.
Invalid UTF-8 byte or sequence at line 221 replaced by U+FFFD.
Invalid UTF-8 byte or sequence at line 241 replaced by U+FFFD.
Invalid UTF-8 byte or sequence at line 241 replaced by U+FFFD.
Invalid UTF-8 byte or sequence at line 241 replaced by U+FFFD.
Invalid UTF-8 byte or sequence at line 241 replaced by U+FFFD.
Invalid UTF-8 byte or sequence at line 266 replaced by U+FFFD.
Invalid UTF-8 byte or sequence at line 284 replaced by U+FFFD.
Invalid UTF-8 byte or sequence at line 295 replaced by U+FFFD.
Invalid UTF-8 byte or sequence at line 300 replaced by U+FFFD.
Invalid UTF-8 byte or sequence at line 300 replaced by U+FFFD.
Invalid UTF-8 byte or sequence at line 301 replaced by U+FFFD.
Invalid UTF-8 byte or sequence at line 301 replaced by U+FFFD.
Invalid UTF-8 byte or sequence at line 301 replaced by U+FFFD.
Invalid UTF-8 byte or sequence at line 302 replaced by U+FFFD.
Invalid UTF-8 byte or sequence at line 303 replaced by U+FFFD.
Invalid UTF-8 byte or sequence at line 332 replaced by U+FFFD.
Invalid UTF-8 byte or sequence at line 332 replaced by U+FFFD.
Invalid UTF-8 byte or sequence at line 332 replaced by U+FFFD.
Invalid UTF-8 byte or sequence at line 332 replaced by U+FFFD.
Invalid UTF-8 byte or sequence at line 333 replaced by U+FFFD.
Invalid UTF-8 byte or sequence at line 334 replaced by U+FFFD.
Invalid UTF-8 byte or sequence at line 334 replaced by U+FFFD.
Invalid UTF-8 byte or sequence at line 334 replaced by U+FFFD.
Invalid UTF-8 byte or sequence at line 406 replaced by U+FFFD.
Invalid UTF-8 byte or sequence at line 406 replaced by U+FFFD.
Invalid UTF-8 byte or sequence at line 409 replaced by U+FFFD.
Invalid UTF-8 byte or sequence at line 410 replaced by U+FFFD.
Invalid UTF-8 byte or sequence at line 428 replaced by U+FFFD.
Invalid UTF-8 byte or sequence at line 434 replaced by U+FFFD.
Invalid UTF-8 byte or sequence at line 457 replaced by U+FFFD.
Invalid UTF-8 byte or sequence at line 457 replaced by U+FFFD.
Invalid UTF-8 byte or sequence at line 464 replaced by U+FFFD.
Invalid UTF-8 byte or sequence at line 464 replaced by U+FFFD.
Invalid UTF-8 byte or sequence at line 466 replaced by U+FFFD.
Invalid UTF-8 byte or sequence at line 466 replaced by U+FFFD.
Invalid UTF-8 byte or sequence at line 541 replaced by U+FFFD.
Invalid UTF-8 byte or sequence at line 541 replaced by U+FFFD.
Invalid UTF-8 byte or sequence at line 541 replaced by U+FFFD.
Invalid UTF-8 byte or sequence at line 586 replaced by U+FFFD.
Invalid UTF-8 byte or sequence at line 586 replaced by U+FFFD.
Invalid UTF-8 byte or sequence at line 588 replaced by U+FFFD.
Invalid UTF-8 byte or sequence at line 588 replaced by U+FFFD.
Invalid UTF-8 byte or sequence at line 595 replaced by U+FFFD.
Invalid UTF-8 byte or sequence at line 597 replaced by U+FFFD.
Invalid UTF-8 byte or sequence at line 599 replaced by U+FFFD.
Invalid UTF-8 byte or sequence at line 602 replaced by U+FFFD.
Invalid UTF-8 byte or sequence at line 605 replaced by U+FFFD.
Invalid UTF-8 byte or sequence at line 605 replaced by U+FFFD.
Invalid UTF-8 byte or sequence at line 610 replaced by U+FFFD.
Invalid UTF-8 byte or sequence at line 615 replaced by U+FFFD.
Invalid UTF-8 byte or sequence at line 632 replaced by U+FFFD.
Invalid UTF-8 byte or sequence at line 632 replaced by U+FFFD.
Invalid UTF-8 byte or sequence at line 633 replaced by U+FFFD.
Invalid UTF-8 byte or sequence at line 635 replaced by U+FFFD.
Invalid UTF-8 byte or sequence at line 637 replaced by U+FFFD.
Invalid UTF-8 byte or sequence at line 647 replaced by U+FFFD.
Invalid UTF-8 byte or sequence at line 653 replaced by U+FFFD.
Invalid UTF-8 byte or sequence at line 678 replaced by U+FFFD.
Invalid UTF-8 byte or sequence at line 700 replaced by U+FFFD.
Invalid UTF-8 byte or sequence at line 705 replaced by U+FFFD.
Invalid UTF-8 byte or sequence at line 715 replaced by U+FFFD.
Invalid UTF-8 byte or sequence at line 715 replaced by U+FFFD.
Invalid UTF-8 byte or sequence at line 715 replaced by U+FFFD.
Invalid UTF-8 byte or sequence at line 719 replaced by U+FFFD.
Invalid UTF-8 byte or sequence at line 732 replaced by U+FFFD.
Invalid UTF-8 byte or sequence at line 732 replaced by U+FFFD.
Invalid UTF-8 byte or sequence at line 741 replaced by U+FFFD.
Invalid UTF-8 byte or sequence at line 741 replaced by U+FFFD.
Invalid UTF-8 byte or sequence at line 742 replaced by U+FFFD.
Invalid UTF-8 byte or sequence at line 742 replaced by U+FFFD.
Invalid UTF-8 byte or sequence at line 762 replaced by U+FFFD.
Invalid UTF-8 byte or sequence at line 773 replaced by U+FFFD.
Invalid UTF-8 byte or sequence at line 773 replaced by U+FFFD.
Invalid UTF-8 byte or sequence at line 774 replaced by U+FFFD.
Invalid UTF-8 byte or sequence at line 774 replaced by U+FFFD.
Invalid UTF-8 byte or sequence at line 774 replaced by U+FFFD.
Invalid UTF-8 byte or sequence at line 797 replaced by U+FFFD.
Invalid UTF-8 byte or sequence at line 797 replaced by U+FFFD.
Invalid UTF-8 byte or sequence at line 810 replaced by U+FFFD.
Invalid UTF-8 byte or sequence at line 824 replaced by U+FFFD.
Invalid UTF-8 byte or sequence at line 824 replaced by U+FFFD.
Invalid UTF-8 byte or sequence at line 831 replaced by U+FFFD.
Invalid UTF-8 byte or sequence at line 838 replaced by U+FFFD.
Invalid UTF-8 byte or sequence at line 838 replaced by U+FFFD.
Invalid UTF-8 byte or sequence at line 846 replaced by U+FFFD.
Invalid UTF-8 byte or sequence at line 846 replaced by U+FFFD.
Invalid UTF-8 byte or sequence at line 861 replaced by U+FFFD.
Invalid UTF-8 byte or sequence at line 862 replaced by U+FFFD.
Invalid UTF-8 byte or sequence at line 864 replaced by U+FFFD.
Invalid UTF-8 byte or sequence at line 864 replaced by U+FFFD.
Invalid UTF-8 byte or sequence at line 908 replaced by U+FFFD.
Invalid UTF-8 byte or sequence at line 909 replaced by U+FFFD.
Invalid UTF-8 byte or sequence at line 909 replaced by U+FFFD.
Invalid UTF-8 byte or sequence at line 934 replaced by U+FFFD.
Invalid UTF-8 byte or sequence at line 934 replaced by U+FFFD.
Invalid UTF-8 byte or sequence at line 936 replaced by U+FFFD.
Invalid UTF-8 byte or sequence at line 936 replaced by U+FFFD.
Invalid UTF-8 byte or sequence at line 940 replaced by U+FFFD.
Invalid UTF-8 byte or sequence at line 940 replaced by U+FFFD.
Invalid UTF-8 byte or sequence at line 962 replaced by U+FFFD.
Invalid UTF-8 byte or sequence at line 962 replaced by U+FFFD.
Invalid UTF-8 byte or sequence at line 964 replaced by U+FFFD.
Invalid UTF-8 byte or sequence at line 965 replaced by U+FFFD.
Invalid UTF-8 byte or sequence at line 1006 replaced by U+FFFD.
)
Package: xstring 2019/02/06 v1.83 String manipulations (CT)
)
("C:\Program Files\MiKTeX\tex/latex/carlisle\scalefnt.sty")
("C:\Program Files\MiKTeX\tex/latex/base\fontenc.sty"
Package: fontenc 2020/08/10 v2.0s Standard LaTeX package
LaTeX Font Info:    Trying to load font information for T1+ntxtlf on input line
 112.

("C:\Program Files\MiKTeX\tex/latex/newtx\t1ntxtlf.fd"
File: t1ntxtlf.fd 2015/01/17 v1.0 font definition file for T1/ntx/tlf
)
LaTeX Font Info:    Font shape `T1/ntxtlf/m/n' will be
(Font)              scaled to size 10.0pt on input line 112.
)
("C:\Program Files\MiKTeX\tex/latex/base\textcomp.sty"
Package: textcomp 2020/02/02 v2.0n Standard LaTeX package
LaTeX Font Info:    Changing ? sub-encoding to TS1/0 on input line 75.
)
LaTeX Info: Redefining \textin on input line 103.
\ntxt@cntz=\count333
LaTeX Font Info:    Redeclaring math symbol \mathsterling on input line 316.
)
("C:\Program Files\MiKTeX\tex/latex/newtx\newtxmath.sty"
Package: newtxmath 2020/12/20 v1.640

`newtxmath' v1.640, 2020/12/20 Math macros based originally on txfonts (msharpe
) ("C:\Program Files\MiKTeX\tex/generic/iftex\ifluatex.sty"
Package: ifluatex 2019/10/25 v1.5 ifluatex legacy package. Use iftex instead.
)
("C:\Program Files\MiKTeX\tex/latex/oberdiek\centernot.sty"
Package: centernot 2016/05/16 v1.4 Centers the not symbol horizontally (HO)
)
\tx@cntz=\count334

("C:\Program Files\MiKTeX\tex/generic/binhex\binhex.tex")
\tx@Isdigit=\count335
\tx@IsAlNum=\count336
\tx@tA=\toks31
\tx@tB=\toks32
\tx@su=\read3
LaTeX Font Info:    Redeclaring symbol font `operators' on input line 360.
LaTeX Font Info:    Overwriting symbol font `operators' in version `normal'
(Font)                  OT1/cmr/m/n --> OT1/ntxtlf/m/n on input line 360.
LaTeX Font Info:    Overwriting symbol font `operators' in version `bold'
(Font)                  OT1/cmr/bx/n --> OT1/ntxtlf/m/n on input line 360.
LaTeX Font Info:    Overwriting symbol font `operators' in version `bold'
(Font)                  OT1/ntxtlf/m/n --> OT1/ntxtlf/b/n on input line 361.
LaTeX Font Info:    Redeclaring math alphabet \mathsf on input line 369.
LaTeX Font Info:    Overwriting math alphabet `\mathsf' in version `normal'
(Font)                  OT1/cmss/m/n --> T1/qhv/m/n on input line 369.
LaTeX Font Info:    Overwriting math alphabet `\mathsf' in version `bold'
(Font)                  OT1/cmss/bx/n --> T1/qhv/m/n on input line 369.
LaTeX Font Info:    Redeclaring math alphabet \mathit on input line 370.
LaTeX Font Info:    Overwriting math alphabet `\mathit' in version `normal'
(Font)                  OT1/cmr/m/it --> OT1/ntxtlf/m/it on input line 370.
LaTeX Font Info:    Overwriting math alphabet `\mathit' in version `bold'
(Font)                  OT1/cmr/bx/it --> OT1/ntxtlf/m/it on input line 370.
LaTeX Font Info:    Redeclaring math alphabet \mathtt on input line 371.
LaTeX Font Info:    Overwriting math alphabet `\mathtt' in version `normal'
(Font)                  OT1/cmtt/m/n --> T1/ntxtt/m/n on input line 371.
LaTeX Font Info:    Overwriting math alphabet `\mathtt' in version `bold'
(Font)                  OT1/cmtt/m/n --> T1/ntxtt/m/n on input line 371.
LaTeX Font Info:    Redeclaring math alphabet \mathbf on input line 373.
LaTeX Font Info:    Overwriting math alphabet `\mathbf' in version `normal'
(Font)                  OT1/cmr/bx/n --> OT1/ntxtlf/b/n on input line 373.
LaTeX Font Info:    Overwriting math alphabet `\mathbf' in version `bold'
(Font)                  OT1/cmr/bx/n --> OT1/ntxtlf/b/n on input line 373.
LaTeX Font Info:    Overwriting math alphabet `\mathit' in version `bold'
(Font)                  OT1/ntxtlf/m/it --> OT1/ntxtlf/b/it on input line 374.
LaTeX Font Info:    Overwriting math alphabet `\mathsf' in version `bold'
(Font)                  T1/qhv/m/n --> T1/qhv/b/n on input line 375.
LaTeX Font Info:    Overwriting math alphabet `\mathtt' in version `bold'
(Font)                  T1/ntxtt/m/n --> T1/ntxtt/b/n on input line 376.
LaTeX Font Info:    Redeclaring symbol font `letters' on input line 477.
LaTeX Font Info:    Overwriting symbol font `letters' in version `normal'
(Font)                  OML/cmm/m/it --> OML/ntxmi/m/it on input line 477.
LaTeX Font Info:    Overwriting symbol font `letters' in version `bold'
(Font)                  OML/cmm/b/it --> OML/ntxmi/m/it on input line 477.
LaTeX Font Info:    Overwriting symbol font `letters' in version `bold'
(Font)                  OML/ntxmi/m/it --> OML/ntxmi/b/it on input line 478.
\symlettersA=\mathgroup6
LaTeX Font Info:    Overwriting symbol font `lettersA' in version `bold'
(Font)                  U/ntxmia/m/it --> U/ntxmia/b/it on input line 542.
LaTeX Font Info:    Redeclaring math alphabet \mathfrak on input line 544.
LaTeX Font Info:    Redeclaring symbol font `symbols' on input line 563.
LaTeX Font Info:    Encoding `OMS' has changed to `LMS' for symbol font
(Font)              `symbols' in the math version `normal' on input line 563.
LaTeX Font Info:    Overwriting symbol font `symbols' in version `normal'
(Font)                  OMS/cmsy/m/n --> LMS/ntxsy/m/n on input line 563.
LaTeX Font Info:    Encoding `OMS' has changed to `LMS' for symbol font
(Font)              `symbols' in the math version `bold' on input line 563.
LaTeX Font Info:    Overwriting symbol font `symbols' in version `bold'
(Font)                  OMS/cmsy/b/n --> LMS/ntxsy/m/n on input line 563.
LaTeX Font Info:    Overwriting symbol font `symbols' in version `bold'
(Font)                  LMS/ntxsy/m/n --> LMS/ntxsy/b/n on input line 564.
\symAMSm=\mathgroup7
LaTeX Font Info:    Overwriting symbol font `AMSm' in version `bold'
(Font)                  U/ntxsym/m/n --> U/ntxsym/b/n on input line 587.
\symsymbolsC=\mathgroup8
LaTeX Font Info:    Overwriting symbol font `symbolsC' in version `bold'
(Font)                  U/ntxsyc/m/n --> U/ntxsyc/b/n on input line 608.
LaTeX Font Info:    Redeclaring symbol font `largesymbols' on input line 621.
LaTeX Font Info:    Encoding `OMX' has changed to `LMX' for symbol font
(Font)              `largesymbols' in the math version `normal' on input line 6
21.
LaTeX Font Info:    Overwriting symbol font `largesymbols' in version `normal'
(Font)                  OMX/cmex/m/n --> LMX/ntxexx/m/n on input line 621.
LaTeX Font Info:    Encoding `OMX' has changed to `LMX' for symbol font
(Font)              `largesymbols' in the math version `bold' on input line 621
.
LaTeX Font Info:    Overwriting symbol font `largesymbols' in version `bold'
(Font)                  OMX/cmex/m/n --> LMX/ntxexx/m/n on input line 621.
LaTeX Font Info:    Overwriting symbol font `largesymbols' in version `bold'
(Font)                  LMX/ntxexx/m/n --> LMX/ntxexx/b/n on input line 622.
\symlargesymbolsTXA=\mathgroup9
LaTeX Font Info:    Overwriting symbol font `largesymbolsTXA' in version `bold'

(Font)                  U/ntxexa/m/n --> U/ntxexa/b/n on input line 636.
\tx@sbptoks=\toks33
LaTeX Font Info:    Redeclaring math delimiter \lfloor on input line 858.
LaTeX Font Info:    Redeclaring math delimiter \rfloor on input line 859.
LaTeX Font Info:    Redeclaring math delimiter \lceil on input line 860.
LaTeX Font Info:    Redeclaring math delimiter \rceil on input line 861.
LaTeX Font Info:    Redeclaring math delimiter \lbrace on input line 862.
LaTeX Font Info:    Redeclaring math delimiter \rbrace on input line 863.
LaTeX Font Info:    Redeclaring math delimiter \langle on input line 864.
LaTeX Font Info:    Redeclaring math delimiter \rangle on input line 866.
LaTeX Font Info:    Redeclaring math delimiter \arrowvert on input line 870.
LaTeX Font Info:    Redeclaring math delimiter \vert on input line 871.
LaTeX Font Info:    Redeclaring math accent \dot on input line 942.
LaTeX Font Info:    Redeclaring math accent \ddot on input line 943.
LaTeX Font Info:    Redeclaring math accent \vec on input line 2006.
LaTeX Font Info:    Redeclaring math symbol \imathscr on input line 2646.
LaTeX Font Info:    Redeclaring math symbol \jmathscr on input line 2647.
LaTeX Info: Redefining \Bbbk on input line 2780.
LaTeX Info: Redefining \not on input line 2929.
LaTeX Info: Redefining \textsquare on input line 2959.
LaTeX Info: Redefining \openbox on input line 2961.
)
\c@theorem=\count337
\c@definition=\count338
\c@conjecture=\count339
\c@example=\count340
\c@case=\count341
\version=\toks34
\institute=\toks35
\symCMletters=\mathgroup10
\symCMsymbols=\mathgroup11
\symCMlargesymbols=\mathgroup12

("C:\Program Files\MiKTeX\tex/latex/listings\listings.sty"
\lst@mode=\count342
\lst@gtempboxa=\box101
\lst@token=\toks36
\lst@length=\count343
\lst@currlwidth=\dimen286
\lst@column=\count344
\lst@pos=\count345
\lst@lostspace=\dimen287
\lst@width=\dimen288
\lst@newlines=\count346
\lst@lineno=\count347
\lst@maxwidth=\dimen289

("C:\Program Files\MiKTeX\tex/latex/listings\lstmisc.sty"
File: lstmisc.sty 2020/03/24 1.8d (Carsten Heinz)
\c@lstnumber=\count348
\lst@skipnumbers=\count349
\lst@framebox=\box102
)
("C:\Program Files\MiKTeX\tex/latex/listings\listings.cfg"
File: listings.cfg 2020/03/24 1.8d listings configuration
))
Package: listings 2020/03/24 1.8d (Carsten Heinz)

("C:\Program Files\MiKTeX\tex/xelatex/xecjk\xeCJK-listings.sty"
Package: xeCJK-listings 2020/10/19 v3.8.6 xeCJK patch file for listings
\l__xeCJK_listings_max_char_int=\count350
\l__xeCJK_listings_flag_int=\count351
)
("C:\Program Files\MiKTeX\tex/latex/listings\lstlang1.sty"
File: lstlang1.sty 2020/03/24 1.8d listings language file
)
("C:\Program Files\MiKTeX\tex/latex/listings\lstlang2.sty"
File: lstlang2.sty 2020/03/24 1.8d listings language file
)
("C:\Program Files\MiKTeX\tex/latex/listings\lstlang3.sty"
File: lstlang3.sty 2020/03/24 1.8d listings language file
)
("C:\Program Files\MiKTeX\tex/latex/listings\lstlang1.sty"
File: lstlang1.sty 2020/03/24 1.8d listings language file
)
("C:\Program Files\MiKTeX\tex/latex/listings\lstlang2.sty"
File: lstlang2.sty 2020/03/24 1.8d listings language file
)
("C:\Program Files\MiKTeX\tex/latex/listings\lstlang3.sty"
File: lstlang3.sty 2020/03/24 1.8d listings language file
)
("C:\Program Files\MiKTeX\tex/latex/listings\lstlang1.sty"
File: lstlang1.sty 2020/03/24 1.8d listings language file
)
("C:\Program Files\MiKTeX\tex/latex/listings\lstlang2.sty"
File: lstlang2.sty 2020/03/24 1.8d listings language file
)
("C:\Program Files\MiKTeX\tex/latex/listings\lstlang3.sty"
File: lstlang3.sty 2020/03/24 1.8d listings language file
)
("C:\Program Files\MiKTeX\tex/latex/listings\lstmisc.sty"
File: lstmisc.sty 2020/03/24 1.8d (Carsten Heinz)
))
("C:\Program Files\MiKTeX\tex/latex/subfigure\subfigure.sty"
Package: subfigure 2002/07/30 v2.1.4 subfigure package
\subfigtopskip=\skip77
\subfigcapskip=\skip78
\subfigcaptopadj=\dimen290
\subfigbottomskip=\skip79
\subfigcapmargin=\dimen291
\subfiglabelskip=\skip80
\c@subfigure=\count352
\c@lofdepth=\count353
\c@subtable=\count354
\c@lotdepth=\count355

****************************************
* Local config file subfigure.cfg used *
****************************************
("C:\Program Files\MiKTeX\tex/latex/subfigure\subfigure.cfg")
\subfig@top=\skip81
\subfig@bottom=\skip82
)

LaTeX Warning: Unused global option(s):
    [lang=cn].

(main.aux)
\openout1 = `main.aux'.

LaTeX Font Info:    Checking defaults for OML/ntxmi/m/it on input line 14.
LaTeX Font Info:    Trying to load font information for OML+ntxmi on input line
 14.
 ("C:\Program Files\MiKTeX\tex/latex/newtx\omlntxmi.fd"
File: omlntxmi.fd 2015/08/25 Fontinst v1.933 font definitions for OML/ntxmi.
)
LaTeX Font Info:    ... okay on input line 14.
LaTeX Font Info:    Checking defaults for OMS/cmsy/m/n on input line 14.
LaTeX Font Info:    ... okay on input line 14.
LaTeX Font Info:    Checking defaults for OT1/cmr/m/n on input line 14.
LaTeX Font Info:    ... okay on input line 14.
LaTeX Font Info:    Checking defaults for T1/cmr/m/n on input line 14.
LaTeX Font Info:    ... okay on input line 14.
LaTeX Font Info:    Checking defaults for TS1/cmr/m/n on input line 14.
LaTeX Font Info:    ... okay on input line 14.
LaTeX Font Info:    Checking defaults for TU/lmr/m/n on input line 14.
LaTeX Font Info:    ... okay on input line 14.
LaTeX Font Info:    Checking defaults for OMX/cmex/m/n on input line 14.
LaTeX Font Info:    ... okay on input line 14.
LaTeX Font Info:    Checking defaults for U/ntxexa/m/n on input line 14.
LaTeX Font Info:    Trying to load font information for U+ntxexa on input line 
14.

("C:\Program Files\MiKTeX\tex/latex/newtx\untxexa.fd"
File: untxexa.fd 2012/04/16 Fontinst v1.933 font definitions for U/ntxexa.
)
LaTeX Font Info:    ... okay on input line 14.
LaTeX Font Info:    Checking defaults for PD1/pdf/m/n on input line 14.
LaTeX Font Info:    ... okay on input line 14.
LaTeX Font Info:    Checking defaults for PU/pdf/m/n on input line 14.
LaTeX Font Info:    ... okay on input line 14.
LaTeX Font Info:    Checking defaults for LMS/ntxsy/m/n on input line 14.
LaTeX Font Info:    Trying to load font information for LMS+ntxsy on input line
 14.

("C:\Program Files\MiKTeX\tex/latex/newtx\lmsntxsy.fd"
File: lmsntxsy.fd 2016/07/02 Fontinst v1.933 font definitions for LMS/ntxsy.
)
LaTeX Font Info:    ... okay on input line 14.
LaTeX Font Info:    Checking defaults for LMX/ntxexx/m/n on input line 14.
LaTeX Font Info:    Trying to load font information for LMX+ntxexx on input lin
e 14.

("C:\Program Files\MiKTeX\tex/latex/newtx\lmxntxexx.fd"
File: lmxntxexx.fd 2016/07/03 Fontinst v1.933 font definitions for LMX/ntxexx.
)
LaTeX Font Info:    ... okay on input line 14.
Package caption Info: Begin \AtBeginDocument code.
Package caption Info: hyperref package is loaded.
Package caption Info: listings package is loaded.
Package caption Info: subfigure package is loaded.
Package caption Info: End \AtBeginDocument code.
Package hyperref Info: Link coloring ON on input line 14.

("C:\Program Files\MiKTeX\tex/latex/hyperref\nameref.sty"
Package: nameref 2019/09/16 v2.46 Cross-referencing by name of section

("C:\Program Files\MiKTeX\tex/latex/refcount\refcount.sty"
Package: refcount 2019/12/15 v3.6 Data extraction from label references (HO)
)
("C:\Program Files\MiKTeX\tex/generic/gettitlestring\gettitlestring.sty"
Package: gettitlestring 2019/12/15 v1.6 Cleanup title references (HO)
)
\c@section@level=\count356
)
LaTeX Info: Redefining \ref on input line 14.
LaTeX Info: Redefining \pageref on input line 14.
LaTeX Info: Redefining \nameref on input line 14.

(main.out) (main.out)
\@outlinefile=\write4
\openout4 = `main.out'.


*geometry* detected driver: pdftex
*geometry* verbose mode - [ preamble ] result:
* driver: pdftex
* paper: <default>
* layout: <same size as paper>
* layoutoffset:(h,v)=(0.0pt,0.0pt)
* modes: 
* h-part:(L,W,R)=(72.26999pt, 469.75502pt, 72.26999pt)
* v-part:(T,H,B)=(72.26999pt, 650.43001pt, 72.26999pt)
* \paperwidth=614.295pt
* \paperheight=794.96999pt
* \textwidth=469.75502pt
* \textheight=650.43001pt
* \oddsidemargin=0.0pt
* \evensidemargin=0.0pt
* \topmargin=-37.0pt
* \headheight=12.0pt
* \headsep=25.0pt
* \topskip=10.0pt
* \footskip=30.0pt
* \marginparwidth=65.0pt
* \marginparsep=11.0pt
* \columnsep=10.0pt
* \skip\footins=9.0pt plus 4.0pt minus 2.0pt
* \hoffset=0.0pt
* \voffset=0.0pt
* \mag=1000
* \@twocolumnfalse
* \@twosidefalse
* \@mparswitchfalse
* \@reversemarginfalse
* (1in=72.27pt=25.4mm, 1cm=28.453pt)

ABD: EverySelectfont initializing macros
LaTeX Info: Redefining \selectfont on input line 14.
\c@mv@tabular=\count357
\c@mv@boldtabular=\count358
\c@lstlisting=\count359
File: figure//logo.png Graphic file (type bmp)
<figure//logo.png>
LaTeX Font Info:    Trying to load font information for OT1+ntxtlf on input lin
e 19.

("C:\Program Files\MiKTeX\tex/latex/newtx\ot1ntxtlf.fd"
File: ot1ntxtlf.fd 2015/01/17 v1.0 font definition file for OT1/ntx/tlf
)
LaTeX Font Info:    Font shape `OT1/ntxtlf/m/n' will be
(Font)              scaled to size 10.0pt on input line 19.
LaTeX Font Info:    Font shape `OT1/ntxtlf/m/n' will be
(Font)              scaled to size 7.3pt on input line 19.
LaTeX Font Info:    Font shape `OT1/ntxtlf/m/n' will be
(Font)              scaled to size 5.5pt on input line 19.
LaTeX Font Info:    Trying to load font information for U+msa on input line 19.


("C:\Program Files\MiKTeX\tex/latex/amsfonts\umsa.fd"
File: umsa.fd 2013/01/14 v3.01 AMS symbols A
)
LaTeX Font Info:    Trying to load font information for U+msb on input line 19.


("C:\Program Files\MiKTeX\tex/latex/amsfonts\umsb.fd"
File: umsb.fd 2013/01/14 v3.01 AMS symbols B
)
LaTeX Font Info:    Trying to load font information for U+ntxmia on input line 
19.

("C:\Program Files\MiKTeX\tex/latex/newtx\untxmia.fd"
File: untxmia.fd 2018/04/14 Fontinst v1.933 font definitions for U/ntxmia.
)
LaTeX Font Info:    Trying to load font information for U+ntxsym on input line 
19.

("C:\Program Files\MiKTeX\tex/latex/newtx\untxsym.fd"
File: untxsym.fd 2015/03/20 Fontinst v1.933 font definitions for U/ntxsym.
)
LaTeX Font Info:    Trying to load font information for U+ntxsyc on input line 
19.

("C:\Program Files\MiKTeX\tex/latex/newtx\untxsyc.fd"
File: untxsyc.fd 2012/04/12 Fontinst v1.933 font definitions for U/ntxsyc.
)
LaTeX Font Info:    Font shape `T1/ntxtlf/m/n' will be
(Font)              scaled to size 17.28pt on input line 22.
LaTeX Font Info:    Font shape `T1/ntxtlf/b/n' will be
(Font)              scaled to size 17.28pt on input line 22.
LaTeX Font Info:    Font shape `T1/ntxtlf/m/n' will be
(Font)              scaled to size 12.0pt on input line 22.
LaTeX Font Info:    Font shape `OT1/ntxtlf/m/n' will be
(Font)              scaled to size 12.0pt on input line 22.
LaTeX Font Info:    Font shape `OT1/ntxtlf/m/n' will be
(Font)              scaled to size 8.8pt on input line 22.
LaTeX Font Info:    Font shape `OT1/ntxtlf/m/n' will be
(Font)              scaled to size 6.6pt on input line 22.
LaTeX Font Info:    Font shape `T1/ntxtlf/m/n' will be
(Font)              scaled to size 9.0pt on input line 22.

Package fontspec Info: Could not resolve font "KaiTi/BI" (it probably doesn't
(fontspec)             exist).


Package fontspec Info: Could not resolve font "KaiTi/B" (it probably doesn't
(fontspec)             exist).


Package fontspec Info: Could not resolve font "KaiTi/I" (it probably doesn't
(fontspec)             exist).


Package fontspec Info: Font family 'KaiTi(0)' created for font 'KaiTi' with
(fontspec)             options [Script={CJK}].
(fontspec)              
(fontspec)              This font family consists of the following NFSS
(fontspec)             series/shapes:
(fontspec)              
(fontspec)             - 'normal' (m/n) with NFSS spec.:
(fontspec)             <->"KaiTi/OT:script=hani;language=dflt;"
(fontspec)             - 'small caps'  (m/sc) with NFSS spec.: 

LaTeX Font Info:    Font shape `T1/ntxtlf/m/it' will be
(Font)              scaled to size 9.0pt on input line 22.
LaTeX Font Info:    Font shape `T1/ntxtlf/m/n' will be
(Font)              scaled to size 14.4pt on input line 24.
LaTeX Font Info:    Font shape `T1/ntxtlf/b/n' will be
(Font)              scaled to size 14.4pt on input line 24.
LaTeX Font Info:    Font shape `T1/ntxtlf/b/n' will be
(Font)              scaled to size 12.0pt on input line 26.
 [1

]
LaTeX Font Info:    Font shape `T1/ntxtlf/b/n' will be
(Font)              scaled to size 10.0pt on input line 53.
Missing character: There is no  in font ntx-Regular-tlf-t1!
 [2]
Underfull \hbox (badness 10000) in paragraph at lines 64--65

 []


Underfull \hbox (badness 10000) in paragraph at lines 74--75

 []

[3] [4]
File: figure//1.png Graphic file (type bmp)
<figure//1.png>
LaTeX Font Info:    Font shape `T1/ntxtlf/b/n' will be
(Font)              scaled to size 9.0pt on input line 146.
 [5] [6]

Package caption Warning: \caption
(caption)                outside box or environment on input line 230.
See the caption package documentation for explanation.


Package caption Warning: The option `hypcap=true' will be ignored for this
(caption)                particular \caption on input line 230.
See the caption package documentation for explanation.

LaTeX Font Info:    Font shape `OT1/ntxtlf/m/n' will be
(Font)              scaled to size 9.0pt on input line 240.

Package caption Warning: The option `hypcap=true' will be ignored for this
(caption)                particular \caption on input line 246.
See the caption package documentation for explanation.


Package caption Warning: The option `hypcap=true' will be ignored for this
(caption)                particular \caption on input line 276.
See the caption package documentation for explanation.

File: figure//2.jpg Graphic file (type bmp)
<figure//2.jpg>
File: figure//3.jpg Graphic file (type bmp)
<figure//3.jpg>

Package caption Warning: The option `hypcap=true' will be ignored for this
(caption)                particular \caption on input line 309.
See the caption package documentation for explanation.

[7] [8]
File: figure//4.jpg Graphic file (type bmp)
<figure//4.jpg>


Package caption Warning: The option `hypcap=true' will be ignored for this
(caption)                particular \caption on input line 335.
See the caption package documentation for explanation.

File: figure//6.jpg Graphic file (type bmp)
<figure//6.jpg>
File: figure//7.jpg Graphic file (type bmp)
<figure//7.jpg>
File: figure//8.jpg Graphic file (type bmp)
<figure//8.jpg>

Package caption Warning: The option `hypcap=true' will be ignored for this
(caption)                particular \caption on input line 376.
See the caption package documentation for explanation.

File: figure//5.jpg Graphic file (type bmp)
<figure//5.jpg>
[9] [10] [11] [12] (main.aux)
Package rerunfilecheck Info: File `main.out' has not changed.
(rerunfilecheck)             Checksum: B298C23A670B12990706B2E2E3432546;4072.
 ) 
Here is how much of TeX's memory you used:
 22764 strings out of 412022
 410767 string characters out of 2849384
 994932 words of memory out of 3000000
 42085 multiletter control sequences out of 15000+200000
 472123 words of font info for 150 fonts, out of 3000000 for 9000
 1348 hyphenation exceptions out of 8191
 111i,13n,134p,400b,564s stack positions out of 5000i,500n,10000p,200000b,50000s

Output written on main.pdf (12 pages).
